2022-07-11 14:25:02,901  INFO [main] TestBase:40 - *********************Starting up initialization**************************
2022-07-11 14:25:04,361  INFO [main] TestBase:46 - Chrome browser launched
2022-07-11 14:25:04,493  INFO [main] TestBase:54 - Window Maximized
2022-07-11 14:25:04,505  INFO [main] TestBase:56 - Deleted all cookies
2022-07-11 14:25:04,512  INFO [main] TestBase:58 - Page load timeout is setup 30 seconds
2022-07-11 14:25:04,517  INFO [main] TestBase:60 - Setting up implicit wait time out for 30 seconds
2022-07-11 14:25:06,444  INFO [main] TestBase:63 - Launching the URL https://waaze2stg1fntleuat.z20.web.core.windows.net/
2022-07-11 14:25:06,444  INFO [main] TestBase:65 - *********************Completed initialization**************************
2022-07-11 14:25:06,526  INFO [main] TestBase:732 - In verifyPartialPaymentWarningMsg_APT_343_344  ->  data is  {CardNumber=4111 1111 1111 1111, ReceiptEFee=$3.99, PaymenDate=08/02/2022, ExpiryDate=09/2022, CVV=523.0, WarningMessage=Null, Email=tran.ky@mailinator.com, UserFrom=Null, PaymentAuthorizationDebitInfo=Debit Card ending in 1111, receiptEmail=tran.ky@mailinator.com, paymentPostingInfo=Payment Posting
Payments made prior to 5:00 pm Eastern / 2:00 pm Pacific will be credited to your account as of the current business day. Payments made after 5:00 pm Eastern / 2:00 pm Pacific will be credited to your account on the next business day.
If you would like to make your payment during normal business hours then please contact your World Finance branch for assistance.
It may take up to 48 hours for your new account balance to be reflected in the online payment portal., reciptPaidCustomerName=KY T TRAN, TestCaseId=360.0, OtherAmount=$53.00, TestMethod=verifyReceiptPopUp_Debit_APT_360_361_362_363_365, FeeMessage=Null, ReviewWarningMessage=Null, PaymentAuthorizationPaymentDate=08/02/2022, receiptAmount=$53.00, ReviewPagePaymentAmount=Null, PaymentAuthInformation=By clicking the button to submit this payment, you, KY T TRAN, authorize this one-time payment of $56.99, which includes your World Finance loan payment amount and the E-Complish Fee. Your Loan payment in the amount of $53.00 will be posted to your World Finance account 1054028859. The funds will be charged to your Debit Card ending in 1111. The payment to your World Finance account will be dated 08/02/2022. Additionally, you affirm that you are the Debit Card account holder and can give permission for this charge., receiptAddress=736 N LIMESTONE LN, StatementMessage=Null, NoticeAmount=Null, Password=Test1234, Status=Future, isExecute=YES, PaymentAuthInformationMessage=You have the right to revoke your authorization for this single, one-time Debit Card transation by contacting World Finacne at least 24 hours before your payment date at (309) 681-8000 during the hours of 8:00 AM to 5:00 PM Eastern Monday-Friday., NoticeInfo=Notice of E-Complish Fee
E-Complish charges a flat E-Complish fee of $3.99 for the use of the Consumer Bill Payment Service certified E-Complish online payment portal. E-Complish provides the technology behind the online payment portal to guarantee PCI-DSS Level 1 Service Provider compliance and NACHA security. E-Complish is not a Financial Institution nor Loan Servicer.
The total amount of $56.99, which includes your loan payment amount and the E-complish Fee, will appear on your banking statement as a one-time Debit charge from, 'World Finance/E-Complish'.
You have the right to revoke your authorization for this single one-time Debit Card transaction by contacting E-Complish LLC a least 24 hours before your payment date at the following:
E-Complish, Inc.
228 Park Ave S Suite 89324
New York, NY 10003
(888) 847-7744
support@e-complish.com
M-F 8AM to 5PM Eastern, TotalAmountOnPay=$56.99, PaymentAuthorizationPaymentAmount=Null, InstanceId=5.2751737E7, ReviewPageEFee=Null, TotalAmount=Null, ReviewPagePaymentDate=Null, AccountNumber=null, SavedCardMessage=null, RoutingNumber=null, ReviewPagePaymentMethod=Null, WorldAccountNumber=Null, PaymentMethod=Null, partialPaymentMsg=Null, ErrorMessage=Null, ReviewPageTotalAmount=Null, PaymentAuthorizationCustomerName=Null}
2022-07-11 14:25:06,528  INFO [main] TestBase:734 - *********************Start of  test 360.0 **************************
2022-07-11 14:25:06,917  INFO [main] TestBase:56 - Specified the sign in name as: tran.ky@mailinator.com
2022-07-11 14:25:07,012  INFO [main] TestBase:58 - Specified the sign in password as: Test1234
2022-07-11 14:25:07,228  INFO [main] TestBase:60 - Click on sign in button
2022-07-11 14:25:27,316  INFO [main] TestBase:1302 - Specified date is08/02/2022
2022-07-11 14:25:28,334  INFO [main] TestBase:1319 - Recipt Payment autorization date is: 08/02/2022
2022-07-11 14:26:28,433  INFO [main] TestBase:787 - org.openqa.selenium.NoSuchElementException: no such element: Unable to locate element: {"method":"xpath","selector":"//label[text() = 'Paid By']/following-sibling::span[1]"}
  (Session info: chrome=103.0.5060.114)
For documentation on this error, please visit: https://www.seleniumhq.org/exceptions/no_such_element.html
Build info: version: '3.141.59', revision: 'e82be7d358', time: '2018-11-14T08:25:48'
System info: host: 'W10LN-2TJ6BC3', ip: '172.25.103.98', os.name: 'Windows 10', os.arch: 'amd64', os.version: '10.0', java.version: '17.0.2'
Driver info: org.openqa.selenium.chrome.ChromeDriver
Capabilities {acceptInsecureCerts: false, browserName: chrome, browserVersion: 103.0.5060.114, chrome: {chromedriverVersion: 103.0.5060.53 (a1711811edd7..., userDataDir: C:\Users\RUDRI~1.MEH\AppDat...}, goog:chromeOptions: {debuggerAddress: localhost:52955}, javascriptEnabled: true, networkConnectionEnabled: false, pageLoadStrategy: normal, platform: WINDOWS, platformName: WINDOWS, proxy: Proxy(), setWindowRect: true, strictFileInteractability: false, timeouts: {implicit: 0, pageLoad: 300000, script: 30000}, unhandledPromptBehavior: dismiss and notify, webauthn:extension:credBlob: true, webauthn:extension:largeBlob: true, webauthn:virtualAuthenticators: true}
Session ID: 8aac31f469bc971ef0804225326946c1
*** Element info: {Using=xpath, value=//label[text() = 'Paid By']/following-sibling::span[1]}
2022-07-11 14:26:33,403  INFO [main] TestBase:40 - *********************Starting up initialization**************************
2022-07-11 14:26:34,130  INFO [main] TestBase:46 - Chrome browser launched
2022-07-11 14:26:34,251  INFO [main] TestBase:54 - Window Maximized
2022-07-11 14:26:34,259  INFO [main] TestBase:56 - Deleted all cookies
2022-07-11 14:26:34,265  INFO [main] TestBase:58 - Page load timeout is setup 30 seconds
2022-07-11 14:26:34,270  INFO [main] TestBase:60 - Setting up implicit wait time out for 30 seconds
2022-07-11 14:26:35,590  INFO [main] TestBase:63 - Launching the URL https://waaze2stg1fntleuat.z20.web.core.windows.net/
2022-07-11 14:26:35,591  INFO [main] TestBase:65 - *********************Completed initialization**************************
2022-07-11 14:26:35,596  INFO [main] TestBase:732 - In verifyPartialPaymentWarningMsg_APT_343_344  ->  data is  {CardNumber=4111 1111 1111 1111, ReceiptEFee=$3.99, PaymenDate=08/22/2022, ExpiryDate=09/2022, CVV=123.0, WarningMessage=Null, Email=tran.ky@mailinator.com, UserFrom=Null, PaymentAuthorizationDebitInfo=Debit Card ending in 1111, receiptEmail=tran.ky@mailinator.com, paymentPostingInfo=Payment Posting
Payments made prior to 5:00 pm Eastern / 2:00 pm Pacific will be credited to your account as of the current business day. Payments made after 5:00 pm Eastern / 2:00 pm Pacific will be credited to your account on the next business day.
If you would like to make your payment during normal business hours then please contact your World Finance branch for assistance.
It may take up to 48 hours for your new account balance to be reflected in the online payment portal., reciptPaidCustomerName=KY T TRAN, TestCaseId=361.0, OtherAmount=$63.00, TestMethod=verifyReceiptPopUp_Debit_APT_360_361_362_363_365, FeeMessage=Null, ReviewWarningMessage=Null, PaymentAuthorizationPaymentDate=08/22/2022, receiptAmount=$63.00, ReviewPagePaymentAmount=Null, PaymentAuthInformation=By clicking the button to submit this payment, you, KY T TRAN, authorize this one-time payment of $66.99, which includes your World Finance loan payment amount and the E-Complish Fee. Your Loan payment in the amount of $63.00 will be posted to your World Finance account 1054028859. The funds will be charged to your Debit Card ending in 1111. The payment to your World Finance account will be dated 08/22/2022. Additionally, you affirm that you are the Debit Card account holder and can give permission for this charge., receiptAddress=736 N LIMESTONE LN, StatementMessage=Null, NoticeAmount=Null, Password=Test1234, Status=Future, isExecute=YES, PaymentAuthInformationMessage=You have the right to revoke your authorization for this single, one-time Debit Card transation by contacting World Finacne at least 24 hours before your payment date at (309) 681-8000 during the hours of 8:00 AM to 5:00 PM Eastern Monday-Friday., NoticeInfo=Notice of E-Complish Fee
E-Complish charges a flat E-Complish fee of $3.99 for the use of the Consumer Bill Payment Service certified E-Complish online payment portal. E-Complish provides the technology behind the online payment portal to guarantee PCI-DSS Level 1 Service Provider compliance and NACHA security. E-Complish is not a Financial Institution nor Loan Servicer.
The total amount of $66.99, which includes your loan payment amount and the E-complish Fee, will appear on your banking statement as a one-time Debit charge from, 'World Finance/E-Complish'.
You have the right to revoke your authorization for this single one-time Debit Card transaction by contacting E-Complish LLC a least 24 hours before your payment date at the following:
E-Complish, Inc.
228 Park Ave S Suite 89324
New York, NY 10003
(888) 847-7744
support@e-complish.com
M-F 8AM to 5PM Eastern, TotalAmountOnPay=$66.99, PaymentAuthorizationPaymentAmount=Null, InstanceId=5.2751738E7, ReviewPageEFee=Null, TotalAmount=Null, ReviewPagePaymentDate=Null, AccountNumber=null, SavedCardMessage=null, RoutingNumber=null, ReviewPagePaymentMethod=Null, WorldAccountNumber=Null, PaymentMethod=Null, partialPaymentMsg=Null, ErrorMessage=Null, ReviewPageTotalAmount=Null, PaymentAuthorizationCustomerName=Null}
2022-07-11 14:26:35,596  INFO [main] TestBase:734 - *********************Start of  test 361.0 **************************
2022-07-11 14:26:36,723  INFO [main] TestBase:56 - Specified the sign in name as: tran.ky@mailinator.com
2022-07-11 14:26:36,797  INFO [main] TestBase:58 - Specified the sign in password as: Test1234
2022-07-11 14:26:37,019  INFO [main] TestBase:60 - Click on sign in button
2022-07-11 14:26:59,177  INFO [main] TestBase:1302 - Specified date is08/22/2022
2022-07-11 14:27:00,179  INFO [main] TestBase:1319 - Recipt Payment autorization date is: 08/22/2022
2022-07-11 14:28:00,233  INFO [main] TestBase:787 - org.openqa.selenium.NoSuchElementException: no such element: Unable to locate element: {"method":"xpath","selector":"//label[text() = 'Paid By']/following-sibling::span[1]"}
  (Session info: chrome=103.0.5060.114)
For documentation on this error, please visit: https://www.seleniumhq.org/exceptions/no_such_element.html
Build info: version: '3.141.59', revision: 'e82be7d358', time: '2018-11-14T08:25:48'
System info: host: 'W10LN-2TJ6BC3', ip: '172.25.103.98', os.name: 'Windows 10', os.arch: 'amd64', os.version: '10.0', java.version: '17.0.2'
Driver info: org.openqa.selenium.chrome.ChromeDriver
Capabilities {acceptInsecureCerts: false, browserName: chrome, browserVersion: 103.0.5060.114, chrome: {chromedriverVersion: 103.0.5060.53 (a1711811edd7..., userDataDir: C:\Users\RUDRI~1.MEH\AppDat...}, goog:chromeOptions: {debuggerAddress: localhost:53073}, javascriptEnabled: true, networkConnectionEnabled: false, pageLoadStrategy: normal, platform: WINDOWS, platformName: WINDOWS, proxy: Proxy(), setWindowRect: true, strictFileInteractability: false, timeouts: {implicit: 0, pageLoad: 300000, script: 30000}, unhandledPromptBehavior: dismiss and notify, webauthn:extension:credBlob: true, webauthn:extension:largeBlob: true, webauthn:virtualAuthenticators: true}
Session ID: 89d3a5cd79df629b7787e37285fe395a
*** Element info: {Using=xpath, value=//label[text() = 'Paid By']/following-sibling::span[1]}
2022-07-11 14:28:04,555  INFO [main] TestBase:40 - *********************Starting up initialization**************************
2022-07-11 14:28:05,367  INFO [main] TestBase:46 - Chrome browser launched
2022-07-11 14:28:05,491  INFO [main] TestBase:54 - Window Maximized
2022-07-11 14:28:05,501  INFO [main] TestBase:56 - Deleted all cookies
2022-07-11 14:28:05,504  INFO [main] TestBase:58 - Page load timeout is setup 30 seconds
2022-07-11 14:28:05,508  INFO [main] TestBase:60 - Setting up implicit wait time out for 30 seconds
2022-07-11 14:28:07,228  INFO [main] TestBase:63 - Launching the URL https://waaze2stg1fntleuat.z20.web.core.windows.net/
2022-07-11 14:28:07,228  INFO [main] TestBase:65 - *********************Completed initialization**************************
2022-07-11 14:28:07,238  INFO [main] TestBase:732 - In verifyPartialPaymentWarningMsg_APT_343_344  ->  data is  {CardNumber=4111 1111 1111 1111, ReceiptEFee=$3.99, PaymenDate=09/12/2022, ExpiryDate=09/2022, CVV=123.0, WarningMessage=Null, Email=tran.ky@mailinator.com, UserFrom=Null, PaymentAuthorizationDebitInfo=Debit Card ending in 1111, receiptEmail=tran.ky@mailinator.com, paymentPostingInfo=Payment Posting
Payments made prior to 5:00 pm Eastern / 2:00 pm Pacific will be credited to your account as of the current business day. Payments made after 5:00 pm Eastern / 2:00 pm Pacific will be credited to your account on the next business day.
If you would like to make your payment during normal business hours then please contact your World Finance branch for assistance.
It may take up to 48 hours for your new account balance to be reflected in the online payment portal., reciptPaidCustomerName=KY T TRAN, TestCaseId=362.0, OtherAmount=$82.00, TestMethod=verifyReceiptPopUp_Debit_APT_360_361_362_363_365, FeeMessage=Null, ReviewWarningMessage=Null, PaymentAuthorizationPaymentDate=09/12/2022, receiptAmount=$82.00, ReviewPagePaymentAmount=Null, PaymentAuthInformation=By clicking the button to submit this payment, you, KY T TRAN, authorize this one-time payment of $85.99, which includes your World Finance loan payment amount and the E-Complish Fee. Your Loan payment in the amount of $82.00 will be posted to your World Finance account 1054028859. The funds will be charged to your Debit Card ending in 1111. The payment to your World Finance account will be dated 09/12/2022. Additionally, you affirm that you are the Debit Card account holder and can give permission for this charge., receiptAddress=736 N LIMESTONE LN, StatementMessage=Null, NoticeAmount=Null, Password=Test1234, Status=Future, isExecute=YES, PaymentAuthInformationMessage=You have the right to revoke your authorization for this single, one-time Debit Card transation by contacting World Finacne at least 24 hours before your payment date at (309) 681-8000 during the hours of 8:00 AM to 5:00 PM Eastern Monday-Friday., NoticeInfo=Notice of E-Complish Fee
E-Complish charges a flat E-Complish fee of $3.99 for the use of the Consumer Bill Payment Service certified E-Complish online payment portal. E-Complish provides the technology behind the online payment portal to guarantee PCI-DSS Level 1 Service Provider compliance and NACHA security. E-Complish is not a Financial Institution nor Loan Servicer.
The total amount of $85.99, which includes your loan payment amount and the E-complish Fee, will appear on your banking statement as a one-time Debit charge from, 'World Finance/E-Complish'.
You have the right to revoke your authorization for this single one-time Debit Card transaction by contacting E-Complish LLC a least 24 hours before your payment date at the following:
E-Complish, Inc.
228 Park Ave S Suite 89324
New York, NY 10003
(888) 847-7744
support@e-complish.com
M-F 8AM to 5PM Eastern, TotalAmountOnPay=$85.99, PaymentAuthorizationPaymentAmount=Null, InstanceId=5.2751739E7, ReviewPageEFee=Null, TotalAmount=Null, ReviewPagePaymentDate=Null, AccountNumber=null, SavedCardMessage=null, RoutingNumber=null, ReviewPagePaymentMethod=Null, WorldAccountNumber=Null, PaymentMethod=Null, partialPaymentMsg=Null, ErrorMessage=Null, ReviewPageTotalAmount=Null, PaymentAuthorizationCustomerName=Null}
2022-07-11 14:28:07,239  INFO [main] TestBase:734 - *********************Start of  test 362.0 **************************
2022-07-11 14:28:07,690  INFO [main] TestBase:56 - Specified the sign in name as: tran.ky@mailinator.com
2022-07-11 14:28:07,754  INFO [main] TestBase:58 - Specified the sign in password as: Test1234
2022-07-11 14:28:07,987  INFO [main] TestBase:60 - Click on sign in button
2022-07-11 14:28:30,154  INFO [main] TestBase:1302 - Specified date is09/12/2022
2022-07-11 14:28:31,083  INFO [main] TestBase:1319 - Recipt Payment autorization date is: 09/12/2022
2022-07-11 14:29:31,108  INFO [main] TestBase:787 - org.openqa.selenium.NoSuchElementException: no such element: Unable to locate element: {"method":"xpath","selector":"//label[text() = 'Paid By']/following-sibling::span[1]"}
  (Session info: chrome=103.0.5060.114)
For documentation on this error, please visit: https://www.seleniumhq.org/exceptions/no_such_element.html
Build info: version: '3.141.59', revision: 'e82be7d358', time: '2018-11-14T08:25:48'
System info: host: 'W10LN-2TJ6BC3', ip: '172.25.103.98', os.name: 'Windows 10', os.arch: 'amd64', os.version: '10.0', java.version: '17.0.2'
Driver info: org.openqa.selenium.chrome.ChromeDriver
Capabilities {acceptInsecureCerts: false, browserName: chrome, browserVersion: 103.0.5060.114, chrome: {chromedriverVersion: 103.0.5060.53 (a1711811edd7..., userDataDir: C:\Users\RUDRI~1.MEH\AppDat...}, goog:chromeOptions: {debuggerAddress: localhost:53188}, javascriptEnabled: true, networkConnectionEnabled: false, pageLoadStrategy: normal, platform: WINDOWS, platformName: WINDOWS, proxy: Proxy(), setWindowRect: true, strictFileInteractability: false, timeouts: {implicit: 0, pageLoad: 300000, script: 30000}, unhandledPromptBehavior: dismiss and notify, webauthn:extension:credBlob: true, webauthn:extension:largeBlob: true, webauthn:virtualAuthenticators: true}
Session ID: 1cdbc3f4310f0608fbde3ed2bbd00278
*** Element info: {Using=xpath, value=//label[text() = 'Paid By']/following-sibling::span[1]}
2022-07-11 14:29:35,397  INFO [main] TestBase:40 - *********************Starting up initialization**************************
2022-07-11 14:29:36,207  INFO [main] TestBase:46 - Chrome browser launched
2022-07-11 14:29:36,353  INFO [main] TestBase:54 - Window Maximized
2022-07-11 14:29:36,370  INFO [main] TestBase:56 - Deleted all cookies
2022-07-11 14:29:36,375  INFO [main] TestBase:58 - Page load timeout is setup 30 seconds
2022-07-11 14:29:36,380  INFO [main] TestBase:60 - Setting up implicit wait time out for 30 seconds
2022-07-11 14:29:37,471  INFO [main] TestBase:63 - Launching the URL https://waaze2stg1fntleuat.z20.web.core.windows.net/
2022-07-11 14:29:37,472  INFO [main] TestBase:65 - *********************Completed initialization**************************
2022-07-11 14:29:37,480  INFO [main] TestBase:732 - In verifyPartialPaymentWarningMsg_APT_343_344  ->  data is  {CardNumber=4111 1111 1111 1111, ReceiptEFee=$3.99, PaymenDate=12/12/2022, ExpiryDate=09/2022, CVV=123.0, WarningMessage=Null, Email=tran.ky@mailinator.com, UserFrom=Null, PaymentAuthorizationDebitInfo=Debit Card ending in 1111, receiptEmail=tran.ky@mailinator.com, paymentPostingInfo=Payment Posting
Payments made prior to 5:00 pm Eastern / 2:00 pm Pacific will be credited to your account as of the current business day. Payments made after 5:00 pm Eastern / 2:00 pm Pacific will be credited to your account on the next business day.
If you would like to make your payment during normal business hours then please contact your World Finance branch for assistance.
It may take up to 48 hours for your new account balance to be reflected in the online payment portal., reciptPaidCustomerName=KY T TRAN, TestCaseId=363.0, OtherAmount=$102.00, TestMethod=verifyReceiptPopUp_Debit_APT_360_361_362_363_365, FeeMessage=Null, ReviewWarningMessage=Null, PaymentAuthorizationPaymentDate=12/12/2022, receiptAmount=$102.00, ReviewPagePaymentAmount=Null, PaymentAuthInformation=By clicking the button to submit this payment, you, KY T TRAN, authorize this one-time payment of $105.99, which includes your World Finance loan payment amount and the E-Complish Fee. Your Loan payment in the amount of $102.00 will be posted to your World Finance account 1054028859. The funds will be charged to your Debit Card ending in 1111. The payment to your World Finance account will be dated 12/12/2022. Additionally, you affirm that you are the Debit Card account holder and can give permission for this charge., receiptAddress=736 N LIMESTONE LN, StatementMessage=Null, NoticeAmount=Null, Password=Test1234, Status=Future, isExecute=YES, PaymentAuthInformationMessage=You have the right to revoke your authorization for this single, one-time Debit Card transation by contacting World Finacne at least 24 hours before your payment date at (309) 681-8000 during the hours of 8:00 AM to 5:00 PM Eastern Monday-Friday., NoticeInfo=Notice of E-Complish Fee
E-Complish charges a flat E-Complish fee of $3.99 for the use of the Consumer Bill Payment Service certified E-Complish online payment portal. E-Complish provides the technology behind the online payment portal to guarantee PCI-DSS Level 1 Service Provider compliance and NACHA security. E-Complish is not a Financial Institution nor Loan Servicer.
The total amount of $105.99, which includes your loan payment amount and the E-complish Fee, will appear on your banking statement as a one-time Debit charge from, 'World Finance/E-Complish'.
You have the right to revoke your authorization for this single one-time Debit Card transaction by contacting E-Complish LLC a least 24 hours before your payment date at the following:
E-Complish, Inc.
228 Park Ave S Suite 89324
New York, NY 10003
(888) 847-7744
support@e-complish.com
M-F 8AM to 5PM Eastern, TotalAmountOnPay=$105.99, PaymentAuthorizationPaymentAmount=Null, InstanceId=5.275174E7, ReviewPageEFee=Null, TotalAmount=Null, ReviewPagePaymentDate=Null, AccountNumber=null, SavedCardMessage=null, RoutingNumber=null, ReviewPagePaymentMethod=Null, WorldAccountNumber=Null, PaymentMethod=Null, partialPaymentMsg=Null, ErrorMessage=Null, ReviewPageTotalAmount=Null, PaymentAuthorizationCustomerName=Null}
2022-07-11 14:29:37,481  INFO [main] TestBase:734 - *********************Start of  test 363.0 **************************
2022-07-11 14:29:38,574  INFO [main] TestBase:56 - Specified the sign in name as: tran.ky@mailinator.com
2022-07-11 14:29:38,645  INFO [main] TestBase:58 - Specified the sign in password as: Test1234
2022-07-11 14:29:38,872  INFO [main] TestBase:60 - Click on sign in button
2022-07-11 14:30:01,640  INFO [main] TestBase:1302 - Specified date is12/12/2022
2022-07-11 14:30:02,702  INFO [main] TestBase:1319 - Recipt Payment autorization date is: 12/12/2022
2022-07-11 14:30:04,884  INFO [main] TestBase:1322 - Recipt Payment Authorization Customer name is :KY T TRAN
2022-07-11 14:30:04,917  INFO [main] TestBase:1325 - Recipt Payment Authorization Customer Address is :736 N LIMESTONE LN
2022-07-11 14:30:04,954  INFO [main] TestBase:1328 - Recipt Payment Authorization Customer email is :tran.ky@mailinator.com
2022-07-11 14:30:04,983  INFO [main] TestBase:1331 - Recipt Payment Authorization Customer status is :Future
2022-07-11 14:30:05,018  INFO [main] TestBase:1334 - Recipt Payment Authorization amount: $102.00
2022-07-11 14:30:05,049  INFO [main] TestBase:1337 - Recipt Payment authorization method: Debit Card ending in 1111
2022-07-11 14:30:05,079  INFO [main] TestBase:1340 - Recipt Payment E-Complish fee is:  $3.99
2022-07-11 14:30:05,108  INFO [main] TestBase:1343 - Recipt Payment total amount is:  $105.99
2022-07-11 14:30:05,149  INFO [main] TestBase:1346 - Recipt track number is displayed:  true
2022-07-11 14:30:05,183  INFO [main] TestBase:1349 - Recipt Approval number is displayed :  true
2022-07-11 14:30:05,213  INFO [main] TestBase:1352 - Recipt payment Authorization info is :By clicking the button to submit this payment, you, KY T TRAN, authorize this one-time payment of $105.99, which includes your World Finance loan payment amount and the E-Complish Fee. Your Loan payment in the amount of $102.00 will be posted to your World Finance account 1054028859. The funds will be charged to your Debit Card ending in 1111. The payment to your World Finance account will be dated 12/12/2022. Additionally, you affirm that you are the Debit Card account holder and can give permission for this charge.
2022-07-11 14:30:05,237  INFO [main] TestBase:1355 - Recipt payment Authorization message is :You have the right to revoke your authorization for this single, one-time Debit Card transation by contacting World Finacne at least 24 hours before your payment date at (309) 681-8000 during the hours of 8:00 AM to 5:00 PM Eastern Monday-Friday.
2022-07-11 14:30:05,269  INFO [main] TestBase:1358 - Notice information on receipt page is: Notice of E-Complish Fee
E-Complish charges a flat E-Complish fee of $3.99 for the use of the Consumer Bill Payment Service certified E-Complish online payment portal. E-Complish provides the technology behind the online payment portal to guarantee PCI-DSS Level 1 Service Provider compliance and NACHA security. E-Complish is not a Financial Institution nor Loan Servicer.
The total amount of $105.99, which includes your loan payment amount and the E-complish Fee, will appear on your banking statement as a one-time Debit charge from, 'World Finance/E-Complish'.
You have the right to revoke your authorization for this single one-time Debit Card transaction by contacting E-Complish LLC a least 24 hours before your payment date at the following:
E-Complish, Inc.
228 Park Ave S Suite 89324
New York, NY 10003
(888) 847-7744
support@e-complish.com
M-F 8AM to 5PM Eastern
2022-07-11 14:30:05,301  INFO [main] TestBase:1361 - Payment posting information on receipt page is : Payment Posting
Payments made prior to 5:00 pm Eastern / 2:00 pm Pacific will be credited to your account as of the current business day. Payments made after 5:00 pm Eastern / 2:00 pm Pacific will be credited to your account on the next business day.
If you would like to make your payment during normal business hours then please contact your World Finance branch for assistance.
It may take up to 48 hours for your new account balance to be reflected in the online payment portal.
2022-07-11 14:30:05,332  INFO [main] TestBase:1364 - Close button is displayed: true
2022-07-11 14:30:05,363  INFO [main] TestBase:1367 - Print button is displayed: true
2022-07-11 14:30:05,844  INFO [main] TestBase:40 - *********************Starting up initialization**************************
2022-07-11 14:30:06,708  INFO [main] TestBase:46 - Chrome browser launched
2022-07-11 14:30:06,835  INFO [main] TestBase:54 - Window Maximized
2022-07-11 14:30:06,848  INFO [main] TestBase:56 - Deleted all cookies
2022-07-11 14:30:06,851  INFO [main] TestBase:58 - Page load timeout is setup 30 seconds
2022-07-11 14:30:06,855  INFO [main] TestBase:60 - Setting up implicit wait time out for 30 seconds
2022-07-11 14:30:08,399  INFO [main] TestBase:63 - Launching the URL https://waaze2stg1fntleuat.z20.web.core.windows.net/
2022-07-11 14:30:08,399  INFO [main] TestBase:65 - *********************Completed initialization**************************
2022-07-11 14:30:08,402  INFO [main] TestBase:732 - In verifyPartialPaymentWarningMsg_APT_343_344  ->  data is  {CardNumber=4111 1111 1111 1111, ReceiptEFee=$3.99, PaymenDate=09/22/2022, ExpiryDate=09/2022, CVV=123.0, WarningMessage=Null, Email=tran.ky@mailinator.com, UserFrom=Null, PaymentAuthorizationDebitInfo=Debit Card ending in 1111, receiptEmail=tran.ky@mailinator.com, paymentPostingInfo=Payment Posting
Payments made prior to 5:00 pm Eastern / 2:00 pm Pacific will be credited to your account as of the current business day. Payments made after 5:00 pm Eastern / 2:00 pm Pacific will be credited to your account on the next business day.
If you would like to make your payment during normal business hours then please contact your World Finance branch for assistance.
It may take up to 48 hours for your new account balance to be reflected in the online payment portal., reciptPaidCustomerName=KY T TRAN, TestCaseId=365.0, OtherAmount=$122.00, TestMethod=verifyReceiptPopUp_Debit_APT_360_361_362_363_365, FeeMessage=Null, ReviewWarningMessage=Null, PaymentAuthorizationPaymentDate=09/22/2022, receiptAmount=$122.00, ReviewPagePaymentAmount=Null, PaymentAuthInformation=By clicking the button to submit this payment, you, KY T TRAN, authorize this one-time payment of $125.99, which includes your World Finance loan payment amount and the E-Complish Fee. Your Loan payment in the amount of $122.00 will be posted to your World Finance account 1054028859. The funds will be charged to your Debit Card ending in 1111. The payment to your World Finance account will be dated 09/22/2022. Additionally, you affirm that you are the Debit Card account holder and can give permission for this charge., receiptAddress=736 N LIMESTONE LN, StatementMessage=Null, NoticeAmount=Null, Password=Test1234, Status=Future, isExecute=YES, PaymentAuthInformationMessage=You have the right to revoke your authorization for this single, one-time Debit Card transation by contacting World Finacne at least 24 hours before your payment date at (309) 681-8000 during the hours of 8:00 AM to 5:00 PM Eastern Monday-Friday., NoticeInfo=Notice of E-Complish Fee
E-Complish charges a flat E-Complish fee of $3.99 for the use of the Consumer Bill Payment Service certified E-Complish online payment portal. E-Complish provides the technology behind the online payment portal to guarantee PCI-DSS Level 1 Service Provider compliance and NACHA security. E-Complish is not a Financial Institution nor Loan Servicer.
The total amount of $125.99, which includes your loan payment amount and the E-complish Fee, will appear on your banking statement as a one-time Debit charge from, 'World Finance/E-Complish'.
You have the right to revoke your authorization for this single one-time Debit Card transaction by contacting E-Complish LLC a least 24 hours before your payment date at the following:
E-Complish, Inc.
228 Park Ave S Suite 89324
New York, NY 10003
(888) 847-7744
support@e-complish.com
M-F 8AM to 5PM Eastern, TotalAmountOnPay=$125.99, PaymentAuthorizationPaymentAmount=Null, InstanceId=5.2751741E7, ReviewPageEFee=Null, TotalAmount=Null, ReviewPagePaymentDate=Null, AccountNumber=null, SavedCardMessage=null, RoutingNumber=null, ReviewPagePaymentMethod=Null, WorldAccountNumber=Null, PaymentMethod=Null, partialPaymentMsg=Null, ErrorMessage=Null, ReviewPageTotalAmount=Null, PaymentAuthorizationCustomerName=Null}
2022-07-11 14:30:08,403  INFO [main] TestBase:734 - *********************Start of  test 365.0 **************************
2022-07-11 14:30:08,801  INFO [main] TestBase:56 - Specified the sign in name as: tran.ky@mailinator.com
2022-07-11 14:30:08,878  INFO [main] TestBase:58 - Specified the sign in password as: Test1234
2022-07-11 14:30:09,108  INFO [main] TestBase:60 - Click on sign in button
2022-07-11 14:30:27,471  INFO [main] TestBase:1302 - Specified date is09/22/2022
2022-07-11 14:30:28,474  INFO [main] TestBase:1319 - Recipt Payment autorization date is: 09/22/2022
2022-07-11 14:30:32,637  INFO [main] TestBase:1322 - Recipt Payment Authorization Customer name is :KY T TRAN
2022-07-11 14:30:32,664  INFO [main] TestBase:1325 - Recipt Payment Authorization Customer Address is :736 N LIMESTONE LN
2022-07-11 14:30:32,692  INFO [main] TestBase:1328 - Recipt Payment Authorization Customer email is :tran.ky@mailinator.com
2022-07-11 14:30:32,725  INFO [main] TestBase:1331 - Recipt Payment Authorization Customer status is :Future
2022-07-11 14:30:32,755  INFO [main] TestBase:1334 - Recipt Payment Authorization amount: $122.00
2022-07-11 14:30:32,785  INFO [main] TestBase:1337 - Recipt Payment authorization method: Debit Card ending in 1111
2022-07-11 14:30:32,812  INFO [main] TestBase:1340 - Recipt Payment E-Complish fee is:  $3.99
2022-07-11 14:30:32,839  INFO [main] TestBase:1343 - Recipt Payment total amount is:  $125.99
2022-07-11 14:30:32,873  INFO [main] TestBase:1346 - Recipt track number is displayed:  true
2022-07-11 14:30:32,912  INFO [main] TestBase:1349 - Recipt Approval number is displayed :  true
2022-07-11 14:30:32,936  INFO [main] TestBase:1352 - Recipt payment Authorization info is :By clicking the button to submit this payment, you, KY T TRAN, authorize this one-time payment of $125.99, which includes your World Finance loan payment amount and the E-Complish Fee. Your Loan payment in the amount of $122.00 will be posted to your World Finance account 1054028859. The funds will be charged to your Debit Card ending in 1111. The payment to your World Finance account will be dated 09/22/2022. Additionally, you affirm that you are the Debit Card account holder and can give permission for this charge.
2022-07-11 14:30:32,960  INFO [main] TestBase:1355 - Recipt payment Authorization message is :You have the right to revoke your authorization for this single, one-time Debit Card transation by contacting World Finacne at least 24 hours before your payment date at (309) 681-8000 during the hours of 8:00 AM to 5:00 PM Eastern Monday-Friday.
2022-07-11 14:30:32,986  INFO [main] TestBase:1358 - Notice information on receipt page is: Notice of E-Complish Fee
E-Complish charges a flat E-Complish fee of $3.99 for the use of the Consumer Bill Payment Service certified E-Complish online payment portal. E-Complish provides the technology behind the online payment portal to guarantee PCI-DSS Level 1 Service Provider compliance and NACHA security. E-Complish is not a Financial Institution nor Loan Servicer.
The total amount of $125.99, which includes your loan payment amount and the E-complish Fee, will appear on your banking statement as a one-time Debit charge from, 'World Finance/E-Complish'.
You have the right to revoke your authorization for this single one-time Debit Card transaction by contacting E-Complish LLC a least 24 hours before your payment date at the following:
E-Complish, Inc.
228 Park Ave S Suite 89324
New York, NY 10003
(888) 847-7744
support@e-complish.com
M-F 8AM to 5PM Eastern
2022-07-11 14:30:33,018  INFO [main] TestBase:1361 - Payment posting information on receipt page is : Payment Posting
Payments made prior to 5:00 pm Eastern / 2:00 pm Pacific will be credited to your account as of the current business day. Payments made after 5:00 pm Eastern / 2:00 pm Pacific will be credited to your account on the next business day.
If you would like to make your payment during normal business hours then please contact your World Finance branch for assistance.
It may take up to 48 hours for your new account balance to be reflected in the online payment portal.
2022-07-11 14:30:33,051  INFO [main] TestBase:1364 - Close button is displayed: true
2022-07-11 14:30:33,080  INFO [main] TestBase:1367 - Print button is displayed: true
